Checking whether the ASM compiler is GNU using "--version" did not match "(GNU assembler)|(GCC)|(Free Software Foundation)":
clang version 10.0.0-4ubuntu1 
Target: x86_64-pc-linux-gnu
Thread model: posix
InstalledDir: /bin
Performing C SOURCE FILE Test CMAKE_HAVE_LIBC_PTHREAD failed with the following output:
Change Dir: /home/dron/Рабочий стол/scheduler/scheduler/build/CMakeFiles/CMakeTmp

Run Build Command(s):/usr/bin/make cmTC_02a13/fast && /usr/bin/make -f CMakeFiles/cmTC_02a13.dir/build.make CMakeFiles/cmTC_02a13.dir/build
make[1]: вход в каталог «/home/dron/Рабочий стол/scheduler/scheduler/build/CMakeFiles/CMakeTmp»
Building C object CMakeFiles/cmTC_02a13.dir/src.c.o
/bin/clang-10   -DCMAKE_HAVE_LIBC_PTHREAD   -o CMakeFiles/cmTC_02a13.dir/src.c.o   -c "/home/dron/Рабочий стол/scheduler/scheduler/build/CMakeFiles/CMakeTmp/src.c"
Linking C executable cmTC_02a13
/usr/bin/cmake -E cmake_link_script CMakeFiles/cmTC_02a13.dir/link.txt --verbose=1
/bin/clang-10  -DCMAKE_HAVE_LIBC_PTHREAD    CMakeFiles/cmTC_02a13.dir/src.c.o  -o cmTC_02a13 
/bin/ld: CMakeFiles/cmTC_02a13.dir/src.c.o: в функции «main»:
src.c:(.text+0x35): неопределённая ссылка на «pthread_create»
/bin/ld: src.c:(.text+0x41): неопределённая ссылка на «pthread_detach»
/bin/ld: src.c:(.text+0x53): неопределённая ссылка на «pthread_join»
clang: error: linker command failed with exit code 1 (use -v to see invocation)
make[1]: *** [CMakeFiles/cmTC_02a13.dir/build.make:87: cmTC_02a13] Ошибка 1
make[1]: выход из каталога «/home/dron/Рабочий стол/scheduler/scheduler/build/CMakeFiles/CMakeTmp»
make: *** [Makefile:121: cmTC_02a13/fast] Ошибка 2


Source file was:
#include <pthread.h>

void* test_func(void* data)
{
  return data;
}

int main(void)
{
  pthread_t thread;
  pthread_create(&thread, NULL, test_func, NULL);
  pthread_detach(thread);
  pthread_join(thread, NULL);
  pthread_atfork(NULL, NULL, NULL);
  pthread_exit(NULL);

  return 0;
}

